The system is: Linux - 4.15.0-106-generic - x86_64
Compiling the C compiler identification source file "CMakeCCompilerId.c" succeeded.
Compiler: /home/mo/share/gcc-4.4.4-glibc-2.11.1-multilib-1.0/arm-fsl-linux-gnueabi/bin/arm-linux-gcc 
Build flags: 
Id flags:  

The output was:
0


Compilation of the C compiler identification source "CMakeCCompilerId.c" produced "a.out"

The C compiler identification is GNU, found in "/home/mo/share/netconf2/lib/zlib/debug/CMakeFiles/3.17.3/CompilerIdC/a.out"

Determining if the C compiler works passed with the following output:
Change Dir: /home/mo/share/netconf2/lib/zlib/debug/CMakeFiles/CMakeTmp

Run Build Command(s):/usr/bin/make cmTC_0faa2/fast && /usr/bin/make  -f CMakeFiles/cmTC_0faa2.dir/build.make CMakeFiles/cmTC_0faa2.dir/build
make[1]: Entering directory '/home/mo/share/netconf2/lib/zlib/debug/CMakeFiles/CMakeTmp'
Building C object CMakeFiles/cmTC_0faa2.dir/testCCompiler.c.o
/home/mo/share/gcc-4.4.4-glibc-2.11.1-multilib-1.0/arm-fsl-linux-gnueabi/bin/arm-linux-gcc    -o CMakeFiles/cmTC_0faa2.dir/testCCompiler.c.o   -c /home/mo/share/netconf2/lib/zlib/debug/CMakeFiles/CMakeTmp/testCCompiler.c
Linking C executable cmTC_0faa2
/usr/local/bin/cmake -E cmake_link_script CMakeFiles/cmTC_0faa2.dir/link.txt --verbose=1
/home/mo/share/gcc-4.4.4-glibc-2.11.1-multilib-1.0/arm-fsl-linux-gnueabi/bin/arm-linux-gcc      CMakeFiles/cmTC_0faa2.dir/testCCompiler.c.o  -o cmTC_0faa2 
make[1]: Leaving directory '/home/mo/share/netconf2/lib/zlib/debug/CMakeFiles/CMakeTmp'



Detecting C compiler ABI info compiled with the following output:
Change Dir: /home/mo/share/netconf2/lib/zlib/debug/CMakeFiles/CMakeTmp

Run Build Command(s):/usr/bin/make cmTC_e93df/fast && /usr/bin/make  -f CMakeFiles/cmTC_e93df.dir/build.make CMakeFiles/cmTC_e93df.dir/build
make[1]: Entering directory '/home/mo/share/netconf2/lib/zlib/debug/CMakeFiles/CMakeTmp'
Building C object CMakeFiles/cmTC_e93df.dir/CMakeCCompilerABI.c.o
/home/mo/share/gcc-4.4.4-glibc-2.11.1-multilib-1.0/arm-fsl-linux-gnueabi/bin/arm-linux-gcc   -v -o CMakeFiles/cmTC_e93df.dir/CMakeCCompilerABI.c.o   -c /usr/local/share/cmake-3.17/Modules/CMakeCCompilerABI.c
Using built-in specs.
Target: arm-fsl-linux-gnueabi
Configured with: /work/arm-toolchains/tmp/src/gcc-4.4.4/configure --build=i686-build_pc-linux-gnu --host=i686-build_pc-linux-gnu --target=arm-fsl-linux-gnueabi --prefix=/work/arm_fsl_gcc_4.4.4_multilib --with-sysroot=/work/arm_fsl_gcc_4.4.4_multilib/arm-fsl-linux-gnueabi/multi-libs --enable-languages=c,c++ --with-pkgversion=4.4.4_09.06.2010 --enable-__cxa_atexit --disable-libmudflap --with-host-libstdcxx='-static-libgcc -Wl,-Bstatic,-lstdc++,-Bdynamic -lm' --with-gmp=/work/arm-toolchains/tmp/arm-fsl-linux-gnueabi/build/static --with-mpfr=/work/arm-toolchains/tmp/arm-fsl-linux-gnueabi/build/static --with-ppl=/work/arm-toolchains/tmp/arm-fsl-linux-gnueabi/build/static --with-cloog=/work/arm-toolchains/tmp/arm-fsl-linux-gnueabi/build/static --enable-threads=posix --enable-target-optspace --with-local-prefix=/work/arm_fsl_gcc_4.4.4_multilib/arm-fsl-linux-gnueabi/multi-libs --disable-nls --enable-symvers=gnu --enable-c99 --enable-long-long --enable-multilib --with-system-zlib --enable-lto
Thread model: posix
gcc version 4.4.4 (4.4.4_09.06.2010) 
COLLECT_GCC_OPTIONS='-v' '-o' 'CMakeFiles/cmTC_e93df.dir/CMakeCCompilerABI.c.o' '-c'
 /home/mo/share/gcc-4.4.4-glibc-2.11.1-multilib-1.0/arm-fsl-linux-gnueabi/bin/../libexec/gcc/arm-fsl-linux-gnueabi/4.4.4/cc1 -quiet -v -iprefix /home/mo/share/gcc-4.4.4-glibc-2.11.1-multilib-1.0/arm-fsl-linux-gnueabi/bin/../lib/gcc/arm-fsl-linux-gnueabi/4.4.4/ -isysroot /home/mo/share/gcc-4.4.4-glibc-2.11.1-multilib-1.0/arm-fsl-linux-gnueabi/bin/../arm-fsl-linux-gnueabi/multi-libs /usr/local/share/cmake-3.17/Modules/CMakeCCompilerABI.c -D_FORTIFY_SOURCE=2 -quiet -dumpbase CMakeCCompilerABI.c -auxbase-strip CMakeFiles/cmTC_e93df.dir/CMakeCCompilerABI.c.o -version -o /tmp/cc98MfZ7.s
ignoring nonexistent directory "/home/mo/share/gcc-4.4.4-glibc-2.11.1-multilib-1.0/arm-fsl-linux-gnueabi/bin/../arm-fsl-linux-gnueabi/multi-libs/work/arm_fsl_gcc_4.4.4_multilib/arm-fsl-linux-gnueabi/multi-libs/include"
ignoring duplicate directory "/home/mo/share/gcc-4.4.4-glibc-2.11.1-multilib-1.0/arm-fsl-linux-gnueabi/bin/../lib/gcc/../../lib/gcc/arm-fsl-linux-gnueabi/4.4.4/include"
ignoring duplicate directory "/home/mo/share/gcc-4.4.4-glibc-2.11.1-multilib-1.0/arm-fsl-linux-gnueabi/bin/../lib/gcc/../../lib/gcc/arm-fsl-linux-gnueabi/4.4.4/include-fixed"
ignoring duplicate directory "/home/mo/share/gcc-4.4.4-glibc-2.11.1-multilib-1.0/arm-fsl-linux-gnueabi/bin/../lib/gcc/../../lib/gcc/arm-fsl-linux-gnueabi/4.4.4/../../../../arm-fsl-linux-gnueabi/include"
ignoring duplicate directory "/home/mo/share/gcc-4.4.4-glibc-2.11.1-multilib-1.0/arm-fsl-linux-gnueabi/bin/../arm-fsl-linux-gnueabi/multi-libs/usr/include"
#include "..." search starts here:
#include <...> search starts here:
 /home/mo/share/gcc-4.4.4-glibc-2.11.1-multilib-1.0/arm-fsl-linux-gnueabi/bin/../lib/gcc/arm-fsl-linux-gnueabi/4.4.4/include
 /home/mo/share/gcc-4.4.4-glibc-2.11.1-multilib-1.0/arm-fsl-linux-gnueabi/bin/../lib/gcc/arm-fsl-linux-gnueabi/4.4.4/include-fixed
 /home/mo/share/gcc-4.4.4-glibc-2.11.1-multilib-1.0/arm-fsl-linux-gnueabi/bin/../lib/gcc/arm-fsl-linux-gnueabi/4.4.4/../../../../arm-fsl-linux-gnueabi/include
End of search list.
GNU C (4.4.4_09.06.2010) version 4.4.4 (arm-fsl-linux-gnueabi)
	compiled by GNU C version 4.1.2, GMP version 4.3.2, MPFR version 2.4.2-p2.
GGC heuristics: --param ggc-min-expand=100 --param ggc-min-heapsize=131072
Compiler executable checksum: 787c3c897e17f3d41759590be58dd346
COLLECT_GCC_OPTIONS='-v' '-o' 'CMakeFiles/cmTC_e93df.dir/CMakeCCompilerABI.c.o' '-c'
 /home/mo/share/gcc-4.4.4-glibc-2.11.1-multilib-1.0/arm-fsl-linux-gnueabi/bin/../lib/gcc/arm-fsl-linux-gnueabi/4.4.4/../../../../arm-fsl-linux-gnueabi/bin/as -meabi=5 -o CMakeFiles/cmTC_e93df.dir/CMakeCCompilerABI.c.o /tmp/cc98MfZ7.s
COMPILER_PATH=/home/mo/share/gcc-4.4.4-glibc-2.11.1-multilib-1.0/arm-fsl-linux-gnueabi/bin/../libexec/gcc/arm-fsl-linux-gnueabi/4.4.4/:/home/mo/share/gcc-4.4.4-glibc-2.11.1-multilib-1.0/arm-fsl-linux-gnueabi/bin/../libexec/gcc/:/home/mo/share/gcc-4.4.4-glibc-2.11.1-multilib-1.0/arm-fsl-linux-gnueabi/bin/../lib/gcc/arm-fsl-linux-gnueabi/4.4.4/../../../../arm-fsl-linux-gnueabi/bin/
LIBRARY_PATH=/home/mo/share/gcc-4.4.4-glibc-2.11.1-multilib-1.0/arm-fsl-linux-gnueabi/bin/../lib/gcc/arm-fsl-linux-gnueabi/4.4.4/:/home/mo/share/gcc-4.4.4-glibc-2.11.1-multilib-1.0/arm-fsl-linux-gnueabi/bin/../lib/gcc/:/home/mo/share/gcc-4.4.4-glibc-2.11.1-multilib-1.0/arm-fsl-linux-gnueabi/bin/../arm-fsl-linux-gnueabi/multi-libs/lib/:/home/mo/share/gcc-4.4.4-glibc-2.11.1-multilib-1.0/arm-fsl-linux-gnueabi/bin/../arm-fsl-linux-gnueabi/multi-libs/usr/lib/
COLLECT_GCC_OPTIONS='-v' '-o' 'CMakeFiles/cmTC_e93df.dir/CMakeCCompilerABI.c.o' '-c'
Linking C executable cmTC_e93df
/usr/local/bin/cmake -E cmake_link_script CMakeFiles/cmTC_e93df.dir/link.txt --verbose=1
/home/mo/share/gcc-4.4.4-glibc-2.11.1-multilib-1.0/arm-fsl-linux-gnueabi/bin/arm-linux-gcc     -v CMakeFiles/cmTC_e93df.dir/CMakeCCompilerABI.c.o  -o cmTC_e93df 
Using built-in specs.
Target: arm-fsl-linux-gnueabi
Configured with: /work/arm-toolchains/tmp/src/gcc-4.4.4/configure --build=i686-build_pc-linux-gnu --host=i686-build_pc-linux-gnu --target=arm-fsl-linux-gnueabi --prefix=/work/arm_fsl_gcc_4.4.4_multilib --with-sysroot=/work/arm_fsl_gcc_4.4.4_multilib/arm-fsl-linux-gnueabi/multi-libs --enable-languages=c,c++ --with-pkgversion=4.4.4_09.06.2010 --enable-__cxa_atexit --disable-libmudflap --with-host-libstdcxx='-static-libgcc -Wl,-Bstatic,-lstdc++,-Bdynamic -lm' --with-gmp=/work/arm-toolchains/tmp/arm-fsl-linux-gnueabi/build/static --with-mpfr=/work/arm-toolchains/tmp/arm-fsl-linux-gnueabi/build/static --with-ppl=/work/arm-toolchains/tmp/arm-fsl-linux-gnueabi/build/static --with-cloog=/work/arm-toolchains/tmp/arm-fsl-linux-gnueabi/build/static --enable-threads=posix --enable-target-optspace --with-local-prefix=/work/arm_fsl_gcc_4.4.4_multilib/arm-fsl-linux-gnueabi/multi-libs --disable-nls --enable-symvers=gnu --enable-c99 --enable-long-long --enable-multilib --with-system-zlib --enable-lto
Thread model: posix
gcc version 4.4.4 (4.4.4_09.06.2010) 
COMPILER_PATH=/home/mo/share/gcc-4.4.4-glibc-2.11.1-multilib-1.0/arm-fsl-linux-gnueabi/bin/../libexec/gcc/arm-fsl-linux-gnueabi/4.4.4/:/home/mo/share/gcc-4.4.4-glibc-2.11.1-multilib-1.0/arm-fsl-linux-gnueabi/bin/../libexec/gcc/:/home/mo/share/gcc-4.4.4-glibc-2.11.1-multilib-1.0/arm-fsl-linux-gnueabi/bin/../lib/gcc/arm-fsl-linux-gnueabi/4.4.4/../../../../arm-fsl-linux-gnueabi/bin/
LIBRARY_PATH=/home/mo/share/gcc-4.4.4-glibc-2.11.1-multilib-1.0/arm-fsl-linux-gnueabi/bin/../lib/gcc/arm-fsl-linux-gnueabi/4.4.4/:/home/mo/share/gcc-4.4.4-glibc-2.11.1-multilib-1.0/arm-fsl-linux-gnueabi/bin/../lib/gcc/:/home/mo/share/gcc-4.4.4-glibc-2.11.1-multilib-1.0/arm-fsl-linux-gnueabi/bin/../arm-fsl-linux-gnueabi/multi-libs/lib/:/home/mo/share/gcc-4.4.4-glibc-2.11.1-multilib-1.0/arm-fsl-linux-gnueabi/bin/../arm-fsl-linux-gnueabi/multi-libs/usr/lib/
COLLECT_GCC_OPTIONS='-v' '-o' 'cmTC_e93df'
 /home/mo/share/gcc-4.4.4-glibc-2.11.1-multilib-1.0/arm-fsl-linux-gnueabi/bin/../libexec/gcc/arm-fsl-linux-gnueabi/4.4.4/collect2 --sysroot=/home/mo/share/gcc-4.4.4-glibc-2.11.1-multilib-1.0/arm-fsl-linux-gnueabi/bin/../arm-fsl-linux-gnueabi/multi-libs --eh-frame-hdr -dynamic-linker /lib/ld-linux.so.3 -X -m armelf_linux_eabi -o cmTC_e93df /home/mo/share/gcc-4.4.4-glibc-2.11.1-multilib-1.0/arm-fsl-linux-gnueabi/bin/../arm-fsl-linux-gnueabi/multi-libs/usr/lib/crt1.o /home/mo/share/gcc-4.4.4-glibc-2.11.1-multilib-1.0/arm-fsl-linux-gnueabi/bin/../arm-fsl-linux-gnueabi/multi-libs/usr/lib/crti.o /home/mo/share/gcc-4.4.4-glibc-2.11.1-multilib-1.0/arm-fsl-linux-gnueabi/bin/../lib/gcc/arm-fsl-linux-gnueabi/4.4.4/crtbegin.o -L/home/mo/share/gcc-4.4.4-glibc-2.11.1-multilib-1.0/arm-fsl-linux-gnueabi/bin/../lib/gcc/arm-fsl-linux-gnueabi/4.4.4 -L/home/mo/share/gcc-4.4.4-glibc-2.11.1-multilib-1.0/arm-fsl-linux-gnueabi/bin/../lib/gcc -L/home/mo/share/gcc-4.4.4-glibc-2.11.1-multilib-1.0/arm-fsl-linux-gnueabi/bin/../arm-fsl-linux-gnueabi/multi-libs/lib -L/home/mo/share/gcc-4.4.4-glibc-2.11.1-multilib-1.0/arm-fsl-linux-gnueabi/bin/../arm-fsl-linux-gnueabi/multi-libs/usr/lib CMakeFiles/cmTC_e93df.dir/CMakeCCompilerABI.c.o -lgcc --as-needed -lgcc_s --no-as-needed -lc -lgcc --as-needed -lgcc_s --no-as-needed /home/mo/share/gcc-4.4.4-glibc-2.11.1-multilib-1.0/arm-fsl-linux-gnueabi/bin/../lib/gcc/arm-fsl-linux-gnueabi/4.4.4/crtend.o /home/mo/share/gcc-4.4.4-glibc-2.11.1-multilib-1.0/arm-fsl-linux-gnueabi/bin/../arm-fsl-linux-gnueabi/multi-libs/usr/lib/crtn.o
make[1]: Leaving directory '/home/mo/share/netconf2/lib/zlib/debug/CMakeFiles/CMakeTmp'



Parsed C implicit include dir info from above output: rv=done
  found start of include info
  found start of implicit include info
    add: [/home/mo/share/gcc-4.4.4-glibc-2.11.1-multilib-1.0/arm-fsl-linux-gnueabi/bin/../lib/gcc/arm-fsl-linux-gnueabi/4.4.4/include]
    add: [/home/mo/share/gcc-4.4.4-glibc-2.11.1-multilib-1.0/arm-fsl-linux-gnueabi/bin/../lib/gcc/arm-fsl-linux-gnueabi/4.4.4/include-fixed]
    add: [/home/mo/share/gcc-4.4.4-glibc-2.11.1-multilib-1.0/arm-fsl-linux-gnueabi/bin/../lib/gcc/arm-fsl-linux-gnueabi/4.4.4/../../../../arm-fsl-linux-gnueabi/include]
  end of search list found
  collapse include dir [/home/mo/share/gcc-4.4.4-glibc-2.11.1-multilib-1.0/arm-fsl-linux-gnueabi/bin/../lib/gcc/arm-fsl-linux-gnueabi/4.4.4/include] ==> [/home/mo/share/gcc-4.4.4-glibc-2.11.1-multilib-1.0/arm-fsl-linux-gnueabi/lib/gcc/arm-fsl-linux-gnueabi/4.4.4/include]
  collapse include dir [/home/mo/share/gcc-4.4.4-glibc-2.11.1-multilib-1.0/arm-fsl-linux-gnueabi/bin/../lib/gcc/arm-fsl-linux-gnueabi/4.4.4/include-fixed] ==> [/home/mo/share/gcc-4.4.4-glibc-2.11.1-multilib-1.0/arm-fsl-linux-gnueabi/lib/gcc/arm-fsl-linux-gnueabi/4.4.4/include-fixed]
  collapse include dir [/home/mo/share/gcc-4.4.4-glibc-2.11.1-multilib-1.0/arm-fsl-linux-gnueabi/bin/../lib/gcc/arm-fsl-linux-gnueabi/4.4.4/../../../../arm-fsl-linux-gnueabi/include] ==> [/home/mo/share/gcc-4.4.4-glibc-2.11.1-multilib-1.0/arm-fsl-linux-gnueabi/arm-fsl-linux-gnueabi/include]
  implicit include dirs: [/home/mo/share/gcc-4.4.4-glibc-2.11.1-multilib-1.0/arm-fsl-linux-gnueabi/lib/gcc/arm-fsl-linux-gnueabi/4.4.4/include;/home/mo/share/gcc-4.4.4-glibc-2.11.1-multilib-1.0/arm-fsl-linux-gnueabi/lib/gcc/arm-fsl-linux-gnueabi/4.4.4/include-fixed;/home/mo/share/gcc-4.4.4-glibc-2.11.1-multilib-1.0/arm-fsl-linux-gnueabi/arm-fsl-linux-gnueabi/include]


Parsed C implicit link information from above output:
  link line regex: [^( *|.*[/\])(ld|CMAKE_LINK_STARTFILE-NOTFOUND|([^/\]+-)?ld|collect2)[^/\]*( |$)]
  ignore line: [Change Dir: /home/mo/share/netconf2/lib/zlib/debug/CMakeFiles/CMakeTmp]
  ignore line: []
  ignore line: [Run Build Command(s):/usr/bin/make cmTC_e93df/fast && /usr/bin/make  -f CMakeFiles/cmTC_e93df.dir/build.make CMakeFiles/cmTC_e93df.dir/build]
  ignore line: [make[1]: Entering directory '/home/mo/share/netconf2/lib/zlib/debug/CMakeFiles/CMakeTmp']
  ignore line: [Building C object CMakeFiles/cmTC_e93df.dir/CMakeCCompilerABI.c.o]
  ignore line: [/home/mo/share/gcc-4.4.4-glibc-2.11.1-multilib-1.0/arm-fsl-linux-gnueabi/bin/arm-linux-gcc   -v -o CMakeFiles/cmTC_e93df.dir/CMakeCCompilerABI.c.o   -c /usr/local/share/cmake-3.17/Modules/CMakeCCompilerABI.c]
  ignore line: [Using built-in specs.]
  ignore line: [Target: arm-fsl-linux-gnueabi]
  ignore line: [Configured with: /work/arm-toolchains/tmp/src/gcc-4.4.4/configure --build=i686-build_pc-linux-gnu --host=i686-build_pc-linux-gnu --target=arm-fsl-linux-gnueabi --prefix=/work/arm_fsl_gcc_4.4.4_multilib --with-sysroot=/work/arm_fsl_gcc_4.4.4_multilib/arm-fsl-linux-gnueabi/multi-libs --enable-languages=c c++ --with-pkgversion=4.4.4_09.06.2010 --enable-__cxa_atexit --disable-libmudflap --with-host-libstdcxx='-static-libgcc -Wl -Bstatic -lstdc++ -Bdynamic -lm' --with-gmp=/work/arm-toolchains/tmp/arm-fsl-linux-gnueabi/build/static --with-mpfr=/work/arm-toolchains/tmp/arm-fsl-linux-gnueabi/build/static --with-ppl=/work/arm-toolchains/tmp/arm-fsl-linux-gnueabi/build/static --with-cloog=/work/arm-toolchains/tmp/arm-fsl-linux-gnueabi/build/static --enable-threads=posix --enable-target-optspace --with-local-prefix=/work/arm_fsl_gcc_4.4.4_multilib/arm-fsl-linux-gnueabi/multi-libs --disable-nls --enable-symvers=gnu --enable-c99 --enable-long-long --enable-multilib --with-system-zlib --enable-lto]
  ignore line: [Thread model: posix]
  ignore line: [gcc version 4.4.4 (4.4.4_09.06.2010) ]
  ignore line: [COLLECT_GCC_OPTIONS='-v' '-o' 'CMakeFiles/cmTC_e93df.dir/CMakeCCompilerABI.c.o' '-c']
  ignore line: [ /home/mo/share/gcc-4.4.4-glibc-2.11.1-multilib-1.0/arm-fsl-linux-gnueabi/bin/../libexec/gcc/arm-fsl-linux-gnueabi/4.4.4/cc1 -quiet -v -iprefix /home/mo/share/gcc-4.4.4-glibc-2.11.1-multilib-1.0/arm-fsl-linux-gnueabi/bin/../lib/gcc/arm-fsl-linux-gnueabi/4.4.4/ -isysroot /home/mo/share/gcc-4.4.4-glibc-2.11.1-multilib-1.0/arm-fsl-linux-gnueabi/bin/../arm-fsl-linux-gnueabi/multi-libs /usr/local/share/cmake-3.17/Modules/CMakeCCompilerABI.c -D_FORTIFY_SOURCE=2 -quiet -dumpbase CMakeCCompilerABI.c -auxbase-strip CMakeFiles/cmTC_e93df.dir/CMakeCCompilerABI.c.o -version -o /tmp/cc98MfZ7.s]
  ignore line: [ignoring nonexistent directory "/home/mo/share/gcc-4.4.4-glibc-2.11.1-multilib-1.0/arm-fsl-linux-gnueabi/bin/../arm-fsl-linux-gnueabi/multi-libs/work/arm_fsl_gcc_4.4.4_multilib/arm-fsl-linux-gnueabi/multi-libs/include"]
  ignore line: [ignoring duplicate directory "/home/mo/share/gcc-4.4.4-glibc-2.11.1-multilib-1.0/arm-fsl-linux-gnueabi/bin/../lib/gcc/../../lib/gcc/arm-fsl-linux-gnueabi/4.4.4/include"]
  ignore line: [ignoring duplicate directory "/home/mo/share/gcc-4.4.4-glibc-2.11.1-multilib-1.0/arm-fsl-linux-gnueabi/bin/../lib/gcc/../../lib/gcc/arm-fsl-linux-gnueabi/4.4.4/include-fixed"]
  ignore line: [ignoring duplicate directory "/home/mo/share/gcc-4.4.4-glibc-2.11.1-multilib-1.0/arm-fsl-linux-gnueabi/bin/../lib/gcc/../../lib/gcc/arm-fsl-linux-gnueabi/4.4.4/../../../../arm-fsl-linux-gnueabi/include"]
  ignore line: [ignoring duplicate directory "/home/mo/share/gcc-4.4.4-glibc-2.11.1-multilib-1.0/arm-fsl-linux-gnueabi/bin/../arm-fsl-linux-gnueabi/multi-libs/usr/include"]
  ignore line: [#include "..." search starts here:]
  ignore line: [#include <...> search starts here:]
  ignore line: [ /home/mo/share/gcc-4.4.4-glibc-2.11.1-multilib-1.0/arm-fsl-linux-gnueabi/bin/../lib/gcc/arm-fsl-linux-gnueabi/4.4.4/include]
  ignore line: [ /home/mo/share/gcc-4.4.4-glibc-2.11.1-multilib-1.0/arm-fsl-linux-gnueabi/bin/../lib/gcc/arm-fsl-linux-gnueabi/4.4.4/include-fixed]
  ignore line: [ /home/mo/share/gcc-4.4.4-glibc-2.11.1-multilib-1.0/arm-fsl-linux-gnueabi/bin/../lib/gcc/arm-fsl-linux-gnueabi/4.4.4/../../../../arm-fsl-linux-gnueabi/include]
  ignore line: [End of search list.]
  ignore line: [GNU C (4.4.4_09.06.2010) version 4.4.4 (arm-fsl-linux-gnueabi)]
  ignore line: [	compiled by GNU C version 4.1.2  GMP version 4.3.2  MPFR version 2.4.2-p2.]
  ignore line: [GGC heuristics: --param ggc-min-expand=100 --param ggc-min-heapsize=131072]
  ignore line: [Compiler executable checksum: 787c3c897e17f3d41759590be58dd346]
  ignore line: [COLLECT_GCC_OPTIONS='-v' '-o' 'CMakeFiles/cmTC_e93df.dir/CMakeCCompilerABI.c.o' '-c']
  ignore line: [ /home/mo/share/gcc-4.4.4-glibc-2.11.1-multilib-1.0/arm-fsl-linux-gnueabi/bin/../lib/gcc/arm-fsl-linux-gnueabi/4.4.4/../../../../arm-fsl-linux-gnueabi/bin/as -meabi=5 -o CMakeFiles/cmTC_e93df.dir/CMakeCCompilerABI.c.o /tmp/cc98MfZ7.s]
  ignore line: [COMPILER_PATH=/home/mo/share/gcc-4.4.4-glibc-2.11.1-multilib-1.0/arm-fsl-linux-gnueabi/bin/../libexec/gcc/arm-fsl-linux-gnueabi/4.4.4/:/home/mo/share/gcc-4.4.4-glibc-2.11.1-multilib-1.0/arm-fsl-linux-gnueabi/bin/../libexec/gcc/:/home/mo/share/gcc-4.4.4-glibc-2.11.1-multilib-1.0/arm-fsl-linux-gnueabi/bin/../lib/gcc/arm-fsl-linux-gnueabi/4.4.4/../../../../arm-fsl-linux-gnueabi/bin/]
  ignore line: [LIBRARY_PATH=/home/mo/share/gcc-4.4.4-glibc-2.11.1-multilib-1.0/arm-fsl-linux-gnueabi/bin/../lib/gcc/arm-fsl-linux-gnueabi/4.4.4/:/home/mo/share/gcc-4.4.4-glibc-2.11.1-multilib-1.0/arm-fsl-linux-gnueabi/bin/../lib/gcc/:/home/mo/share/gcc-4.4.4-glibc-2.11.1-multilib-1.0/arm-fsl-linux-gnueabi/bin/../arm-fsl-linux-gnueabi/multi-libs/lib/:/home/mo/share/gcc-4.4.4-glibc-2.11.1-multilib-1.0/arm-fsl-linux-gnueabi/bin/../arm-fsl-linux-gnueabi/multi-libs/usr/lib/]
  ignore line: [COLLECT_GCC_OPTIONS='-v' '-o' 'CMakeFiles/cmTC_e93df.dir/CMakeCCompilerABI.c.o' '-c']
  ignore line: [Linking C executable cmTC_e93df]
  ignore line: [/usr/local/bin/cmake -E cmake_link_script CMakeFiles/cmTC_e93df.dir/link.txt --verbose=1]
  ignore line: [/home/mo/share/gcc-4.4.4-glibc-2.11.1-multilib-1.0/arm-fsl-linux-gnueabi/bin/arm-linux-gcc     -v CMakeFiles/cmTC_e93df.dir/CMakeCCompilerABI.c.o  -o cmTC_e93df ]
  ignore line: [Using built-in specs.]
  ignore line: [Target: arm-fsl-linux-gnueabi]
  ignore line: [Configured with: /work/arm-toolchains/tmp/src/gcc-4.4.4/configure --build=i686-build_pc-linux-gnu --host=i686-build_pc-linux-gnu --target=arm-fsl-linux-gnueabi --prefix=/work/arm_fsl_gcc_4.4.4_multilib --with-sysroot=/work/arm_fsl_gcc_4.4.4_multilib/arm-fsl-linux-gnueabi/multi-libs --enable-languages=c c++ --with-pkgversion=4.4.4_09.06.2010 --enable-__cxa_atexit --disable-libmudflap --with-host-libstdcxx='-static-libgcc -Wl -Bstatic -lstdc++ -Bdynamic -lm' --with-gmp=/work/arm-toolchains/tmp/arm-fsl-linux-gnueabi/build/static --with-mpfr=/work/arm-toolchains/tmp/arm-fsl-linux-gnueabi/build/static --with-ppl=/work/arm-toolchains/tmp/arm-fsl-linux-gnueabi/build/static --with-cloog=/work/arm-toolchains/tmp/arm-fsl-linux-gnueabi/build/static --enable-threads=posix --enable-target-optspace --with-local-prefix=/work/arm_fsl_gcc_4.4.4_multilib/arm-fsl-linux-gnueabi/multi-libs --disable-nls --enable-symvers=gnu --enable-c99 --enable-long-long --enable-multilib --with-system-zlib --enable-lto]
  ignore line: [Thread model: posix]
  ignore line: [gcc version 4.4.4 (4.4.4_09.06.2010) ]
  ignore line: [COMPILER_PATH=/home/mo/share/gcc-4.4.4-glibc-2.11.1-multilib-1.0/arm-fsl-linux-gnueabi/bin/../libexec/gcc/arm-fsl-linux-gnueabi/4.4.4/:/home/mo/share/gcc-4.4.4-glibc-2.11.1-multilib-1.0/arm-fsl-linux-gnueabi/bin/../libexec/gcc/:/home/mo/share/gcc-4.4.4-glibc-2.11.1-multilib-1.0/arm-fsl-linux-gnueabi/bin/../lib/gcc/arm-fsl-linux-gnueabi/4.4.4/../../../../arm-fsl-linux-gnueabi/bin/]
  ignore line: [LIBRARY_PATH=/home/mo/share/gcc-4.4.4-glibc-2.11.1-multilib-1.0/arm-fsl-linux-gnueabi/bin/../lib/gcc/arm-fsl-linux-gnueabi/4.4.4/:/home/mo/share/gcc-4.4.4-glibc-2.11.1-multilib-1.0/arm-fsl-linux-gnueabi/bin/../lib/gcc/:/home/mo/share/gcc-4.4.4-glibc-2.11.1-multilib-1.0/arm-fsl-linux-gnueabi/bin/../arm-fsl-linux-gnueabi/multi-libs/lib/:/home/mo/share/gcc-4.4.4-glibc-2.11.1-multilib-1.0/arm-fsl-linux-gnueabi/bin/../arm-fsl-linux-gnueabi/multi-libs/usr/lib/]
  ignore line: [COLLECT_GCC_OPTIONS='-v' '-o' 'cmTC_e93df']
  link line: [ /home/mo/share/gcc-4.4.4-glibc-2.11.1-multilib-1.0/arm-fsl-linux-gnueabi/bin/../libexec/gcc/arm-fsl-linux-gnueabi/4.4.4/collect2 --sysroot=/home/mo/share/gcc-4.4.4-glibc-2.11.1-multilib-1.0/arm-fsl-linux-gnueabi/bin/../arm-fsl-linux-gnueabi/multi-libs --eh-frame-hdr -dynamic-linker /lib/ld-linux.so.3 -X -m armelf_linux_eabi -o cmTC_e93df /home/mo/share/gcc-4.4.4-glibc-2.11.1-multilib-1.0/arm-fsl-linux-gnueabi/bin/../arm-fsl-linux-gnueabi/multi-libs/usr/lib/crt1.o /home/mo/share/gcc-4.4.4-glibc-2.11.1-multilib-1.0/arm-fsl-linux-gnueabi/bin/../arm-fsl-linux-gnueabi/multi-libs/usr/lib/crti.o /home/mo/share/gcc-4.4.4-glibc-2.11.1-multilib-1.0/arm-fsl-linux-gnueabi/bin/../lib/gcc/arm-fsl-linux-gnueabi/4.4.4/crtbegin.o -L/home/mo/share/gcc-4.4.4-glibc-2.11.1-multilib-1.0/arm-fsl-linux-gnueabi/bin/../lib/gcc/arm-fsl-linux-gnueabi/4.4.4 -L/home/mo/share/gcc-4.4.4-glibc-2.11.1-multilib-1.0/arm-fsl-linux-gnueabi/bin/../lib/gcc -L/home/mo/share/gcc-4.4.4-glibc-2.11.1-multilib-1.0/arm-fsl-linux-gnueabi/bin/../arm-fsl-linux-gnueabi/multi-libs/lib -L/home/mo/share/gcc-4.4.4-glibc-2.11.1-multilib-1.0/arm-fsl-linux-gnueabi/bin/../arm-fsl-linux-gnueabi/multi-libs/usr/lib CMakeFiles/cmTC_e93df.dir/CMakeCCompilerABI.c.o -lgcc --as-needed -lgcc_s --no-as-needed -lc -lgcc --as-needed -lgcc_s --no-as-needed /home/mo/share/gcc-4.4.4-glibc-2.11.1-multilib-1.0/arm-fsl-linux-gnueabi/bin/../lib/gcc/arm-fsl-linux-gnueabi/4.4.4/crtend.o /home/mo/share/gcc-4.4.4-glibc-2.11.1-multilib-1.0/arm-fsl-linux-gnueabi/bin/../arm-fsl-linux-gnueabi/multi-libs/usr/lib/crtn.o]
    arg [/home/mo/share/gcc-4.4.4-glibc-2.11.1-multilib-1.0/arm-fsl-linux-gnueabi/bin/../libexec/gcc/arm-fsl-linux-gnueabi/4.4.4/collect2] ==> ignore
    arg [--sysroot=/home/mo/share/gcc-4.4.4-glibc-2.11.1-multilib-1.0/arm-fsl-linux-gnueabi/bin/../arm-fsl-linux-gnueabi/multi-libs] ==> ignore
    arg [--eh-frame-hdr] ==> ignore
    arg [-dynamic-linker] ==> ignore
    arg [/lib/ld-linux.so.3] ==> ignore
    arg [-X] ==> ignore
    arg [-m] ==> ignore
    arg [armelf_linux_eabi] ==> ignore
    arg [-o] ==> ignore
    arg [cmTC_e93df] ==> ignore
    arg [/home/mo/share/gcc-4.4.4-glibc-2.11.1-multilib-1.0/arm-fsl-linux-gnueabi/bin/../arm-fsl-linux-gnueabi/multi-libs/usr/lib/crt1.o] ==> ignore
    arg [/home/mo/share/gcc-4.4.4-glibc-2.11.1-multilib-1.0/arm-fsl-linux-gnueabi/bin/../arm-fsl-linux-gnueabi/multi-libs/usr/lib/crti.o] ==> ignore
    arg [/home/mo/share/gcc-4.4.4-glibc-2.11.1-multilib-1.0/arm-fsl-linux-gnueabi/bin/../lib/gcc/arm-fsl-linux-gnueabi/4.4.4/crtbegin.o] ==> ignore
    arg [-L/home/mo/share/gcc-4.4.4-glibc-2.11.1-multilib-1.0/arm-fsl-linux-gnueabi/bin/../lib/gcc/arm-fsl-linux-gnueabi/4.4.4] ==> dir [/home/mo/share/gcc-4.4.4-glibc-2.11.1-multilib-1.0/arm-fsl-linux-gnueabi/bin/../lib/gcc/arm-fsl-linux-gnueabi/4.4.4]
    arg [-L/home/mo/share/gcc-4.4.4-glibc-2.11.1-multilib-1.0/arm-fsl-linux-gnueabi/bin/../lib/gcc] ==> dir [/home/mo/share/gcc-4.4.4-glibc-2.11.1-multilib-1.0/arm-fsl-linux-gnueabi/bin/../lib/gcc]
    arg [-L/home/mo/share/gcc-4.4.4-glibc-2.11.1-multilib-1.0/arm-fsl-linux-gnueabi/bin/../arm-fsl-linux-gnueabi/multi-libs/lib] ==> dir [/home/mo/share/gcc-4.4.4-glibc-2.11.1-multilib-1.0/arm-fsl-linux-gnueabi/bin/../arm-fsl-linux-gnueabi/multi-libs/lib]
    arg [-L/home/mo/share/gcc-4.4.4-glibc-2.11.1-multilib-1.0/arm-fsl-linux-gnueabi/bin/../arm-fsl-linux-gnueabi/multi-libs/usr/lib] ==> dir [/home/mo/share/gcc-4.4.4-glibc-2.11.1-multilib-1.0/arm-fsl-linux-gnueabi/bin/../arm-fsl-linux-gnueabi/multi-libs/usr/lib]
    arg [CMakeFiles/cmTC_e93df.dir/CMakeCCompilerABI.c.o] ==> ignore
    arg [-lgcc] ==> lib [gcc]
    arg [--as-needed] ==> ignore
    arg [-lgcc_s] ==> lib [gcc_s]
    arg [--no-as-needed] ==> ignore
    arg [-lc] ==> lib [c]
    arg [-lgcc] ==> lib [gcc]
    arg [--as-needed] ==> ignore
    arg [-lgcc_s] ==> lib [gcc_s]
    arg [--no-as-needed] ==> ignore
    arg [/home/mo/share/gcc-4.4.4-glibc-2.11.1-multilib-1.0/arm-fsl-linux-gnueabi/bin/../lib/gcc/arm-fsl-linux-gnueabi/4.4.4/crtend.o] ==> ignore
    arg [/home/mo/share/gcc-4.4.4-glibc-2.11.1-multilib-1.0/arm-fsl-linux-gnueabi/bin/../arm-fsl-linux-gnueabi/multi-libs/usr/lib/crtn.o] ==> ignore
  collapse library dir [/home/mo/share/gcc-4.4.4-glibc-2.11.1-multilib-1.0/arm-fsl-linux-gnueabi/bin/../lib/gcc/arm-fsl-linux-gnueabi/4.4.4] ==> [/home/mo/share/gcc-4.4.4-glibc-2.11.1-multilib-1.0/arm-fsl-linux-gnueabi/lib/gcc/arm-fsl-linux-gnueabi/4.4.4]
  collapse library dir [/home/mo/share/gcc-4.4.4-glibc-2.11.1-multilib-1.0/arm-fsl-linux-gnueabi/bin/../lib/gcc] ==> [/home/mo/share/gcc-4.4.4-glibc-2.11.1-multilib-1.0/arm-fsl-linux-gnueabi/lib/gcc]
  collapse library dir [/home/mo/share/gcc-4.4.4-glibc-2.11.1-multilib-1.0/arm-fsl-linux-gnueabi/bin/../arm-fsl-linux-gnueabi/multi-libs/lib] ==> [/home/mo/share/gcc-4.4.4-glibc-2.11.1-multilib-1.0/arm-fsl-linux-gnueabi/arm-fsl-linux-gnueabi/multi-libs/lib]
  collapse library dir [/home/mo/share/gcc-4.4.4-glibc-2.11.1-multilib-1.0/arm-fsl-linux-gnueabi/bin/../arm-fsl-linux-gnueabi/multi-libs/usr/lib] ==> [/home/mo/share/gcc-4.4.4-glibc-2.11.1-multilib-1.0/arm-fsl-linux-gnueabi/arm-fsl-linux-gnueabi/multi-libs/usr/lib]
  implicit libs: [gcc;gcc_s;c;gcc;gcc_s]
  implicit dirs: [/home/mo/share/gcc-4.4.4-glibc-2.11.1-multilib-1.0/arm-fsl-linux-gnueabi/lib/gcc/arm-fsl-linux-gnueabi/4.4.4;/home/mo/share/gcc-4.4.4-glibc-2.11.1-multilib-1.0/arm-fsl-linux-gnueabi/lib/gcc;/home/mo/share/gcc-4.4.4-glibc-2.11.1-multilib-1.0/arm-fsl-linux-gnueabi/arm-fsl-linux-gnueabi/multi-libs/lib;/home/mo/share/gcc-4.4.4-glibc-2.11.1-multilib-1.0/arm-fsl-linux-gnueabi/arm-fsl-linux-gnueabi/multi-libs/usr/lib]
  implicit fwks: []


Determining if the include file sys/types.h exists passed with the following output:
Change Dir: /home/mo/share/netconf2/lib/zlib/debug/CMakeFiles/CMakeTmp

Run Build Command(s):/usr/bin/make cmTC_5bcb3/fast && /usr/bin/make  -f CMakeFiles/cmTC_5bcb3.dir/build.make CMakeFiles/cmTC_5bcb3.dir/build
make[1]: Entering directory '/home/mo/share/netconf2/lib/zlib/debug/CMakeFiles/CMakeTmp'
Building C object CMakeFiles/cmTC_5bcb3.dir/CheckIncludeFile.c.o
/home/mo/share/gcc-4.4.4-glibc-2.11.1-multilib-1.0/arm-fsl-linux-gnueabi/bin/arm-linux-gcc    -o CMakeFiles/cmTC_5bcb3.dir/CheckIncludeFile.c.o   -c /home/mo/share/netconf2/lib/zlib/debug/CMakeFiles/CMakeTmp/CheckIncludeFile.c
Linking C executable cmTC_5bcb3
/usr/local/bin/cmake -E cmake_link_script CMakeFiles/cmTC_5bcb3.dir/link.txt --verbose=1
/home/mo/share/gcc-4.4.4-glibc-2.11.1-multilib-1.0/arm-fsl-linux-gnueabi/bin/arm-linux-gcc      -rdynamic CMakeFiles/cmTC_5bcb3.dir/CheckIncludeFile.c.o  -o cmTC_5bcb3 
make[1]: Leaving directory '/home/mo/share/netconf2/lib/zlib/debug/CMakeFiles/CMakeTmp'



Determining if the include file stdint.h exists passed with the following output:
Change Dir: /home/mo/share/netconf2/lib/zlib/debug/CMakeFiles/CMakeTmp

Run Build Command(s):/usr/bin/make cmTC_47b8f/fast && /usr/bin/make  -f CMakeFiles/cmTC_47b8f.dir/build.make CMakeFiles/cmTC_47b8f.dir/build
make[1]: Entering directory '/home/mo/share/netconf2/lib/zlib/debug/CMakeFiles/CMakeTmp'
Building C object CMakeFiles/cmTC_47b8f.dir/CheckIncludeFile.c.o
/home/mo/share/gcc-4.4.4-glibc-2.11.1-multilib-1.0/arm-fsl-linux-gnueabi/bin/arm-linux-gcc    -o CMakeFiles/cmTC_47b8f.dir/CheckIncludeFile.c.o   -c /home/mo/share/netconf2/lib/zlib/debug/CMakeFiles/CMakeTmp/CheckIncludeFile.c
Linking C executable cmTC_47b8f
/usr/local/bin/cmake -E cmake_link_script CMakeFiles/cmTC_47b8f.dir/link.txt --verbose=1
/home/mo/share/gcc-4.4.4-glibc-2.11.1-multilib-1.0/arm-fsl-linux-gnueabi/bin/arm-linux-gcc      -rdynamic CMakeFiles/cmTC_47b8f.dir/CheckIncludeFile.c.o  -o cmTC_47b8f 
make[1]: Leaving directory '/home/mo/share/netconf2/lib/zlib/debug/CMakeFiles/CMakeTmp'



Determining if the include file stddef.h exists passed with the following output:
Change Dir: /home/mo/share/netconf2/lib/zlib/debug/CMakeFiles/CMakeTmp

Run Build Command(s):/usr/bin/make cmTC_4a16b/fast && /usr/bin/make  -f CMakeFiles/cmTC_4a16b.dir/build.make CMakeFiles/cmTC_4a16b.dir/build
make[1]: Entering directory '/home/mo/share/netconf2/lib/zlib/debug/CMakeFiles/CMakeTmp'
Building C object CMakeFiles/cmTC_4a16b.dir/CheckIncludeFile.c.o
/home/mo/share/gcc-4.4.4-glibc-2.11.1-multilib-1.0/arm-fsl-linux-gnueabi/bin/arm-linux-gcc    -o CMakeFiles/cmTC_4a16b.dir/CheckIncludeFile.c.o   -c /home/mo/share/netconf2/lib/zlib/debug/CMakeFiles/CMakeTmp/CheckIncludeFile.c
Linking C executable cmTC_4a16b
/usr/local/bin/cmake -E cmake_link_script CMakeFiles/cmTC_4a16b.dir/link.txt --verbose=1
/home/mo/share/gcc-4.4.4-glibc-2.11.1-multilib-1.0/arm-fsl-linux-gnueabi/bin/arm-linux-gcc      -rdynamic CMakeFiles/cmTC_4a16b.dir/CheckIncludeFile.c.o  -o cmTC_4a16b 
make[1]: Leaving directory '/home/mo/share/netconf2/lib/zlib/debug/CMakeFiles/CMakeTmp'



Determining size of off64_t passed with the following output:
Change Dir: /home/mo/share/netconf2/lib/zlib/debug/CMakeFiles/CMakeTmp

Run Build Command(s):/usr/bin/make cmTC_3bfef/fast && /usr/bin/make  -f CMakeFiles/cmTC_3bfef.dir/build.make CMakeFiles/cmTC_3bfef.dir/build
make[1]: Entering directory '/home/mo/share/netconf2/lib/zlib/debug/CMakeFiles/CMakeTmp'
Building C object CMakeFiles/cmTC_3bfef.dir/OFF64_T.c.o
/home/mo/share/gcc-4.4.4-glibc-2.11.1-multilib-1.0/arm-fsl-linux-gnueabi/bin/arm-linux-gcc -DHAVE_STDDEF_H -DHAVE_STDINT_H -DHAVE_SYS_TYPES_H -D_LARGEFILE64_SOURCE=1   -o CMakeFiles/cmTC_3bfef.dir/OFF64_T.c.o   -c /home/mo/share/netconf2/lib/zlib/debug/CMakeFiles/CheckTypeSize/OFF64_T.c
Linking C executable cmTC_3bfef
/usr/local/bin/cmake -E cmake_link_script CMakeFiles/cmTC_3bfef.dir/link.txt --verbose=1
/home/mo/share/gcc-4.4.4-glibc-2.11.1-multilib-1.0/arm-fsl-linux-gnueabi/bin/arm-linux-gcc      -rdynamic CMakeFiles/cmTC_3bfef.dir/OFF64_T.c.o  -o cmTC_3bfef 
make[1]: Leaving directory '/home/mo/share/netconf2/lib/zlib/debug/CMakeFiles/CMakeTmp'



Determining if the function fseeko exists passed with the following output:
Change Dir: /home/mo/share/netconf2/lib/zlib/debug/CMakeFiles/CMakeTmp

Run Build Command(s):/usr/bin/make cmTC_405ce/fast && /usr/bin/make  -f CMakeFiles/cmTC_405ce.dir/build.make CMakeFiles/cmTC_405ce.dir/build
make[1]: Entering directory '/home/mo/share/netconf2/lib/zlib/debug/CMakeFiles/CMakeTmp'
Building C object CMakeFiles/cmTC_405ce.dir/CheckFunctionExists.c.o
/home/mo/share/gcc-4.4.4-glibc-2.11.1-multilib-1.0/arm-fsl-linux-gnueabi/bin/arm-linux-gcc   -DCHECK_FUNCTION_EXISTS=fseeko   -o CMakeFiles/cmTC_405ce.dir/CheckFunctionExists.c.o   -c /usr/local/share/cmake-3.17/Modules/CheckFunctionExists.c
Linking C executable cmTC_405ce
/usr/local/bin/cmake -E cmake_link_script CMakeFiles/cmTC_405ce.dir/link.txt --verbose=1
/home/mo/share/gcc-4.4.4-glibc-2.11.1-multilib-1.0/arm-fsl-linux-gnueabi/bin/arm-linux-gcc  -DCHECK_FUNCTION_EXISTS=fseeko    -rdynamic CMakeFiles/cmTC_405ce.dir/CheckFunctionExists.c.o  -o cmTC_405ce 
make[1]: Leaving directory '/home/mo/share/netconf2/lib/zlib/debug/CMakeFiles/CMakeTmp'



Determining if the include file unistd.h exists passed with the following output:
Change Dir: /home/mo/share/netconf2/lib/zlib/debug/CMakeFiles/CMakeTmp

Run Build Command(s):/usr/bin/make cmTC_9d090/fast && /usr/bin/make  -f CMakeFiles/cmTC_9d090.dir/build.make CMakeFiles/cmTC_9d090.dir/build
make[1]: Entering directory '/home/mo/share/netconf2/lib/zlib/debug/CMakeFiles/CMakeTmp'
Building C object CMakeFiles/cmTC_9d090.dir/CheckIncludeFile.c.o
/home/mo/share/gcc-4.4.4-glibc-2.11.1-multilib-1.0/arm-fsl-linux-gnueabi/bin/arm-linux-gcc    -o CMakeFiles/cmTC_9d090.dir/CheckIncludeFile.c.o   -c /home/mo/share/netconf2/lib/zlib/debug/CMakeFiles/CMakeTmp/CheckIncludeFile.c
Linking C executable cmTC_9d090
/usr/local/bin/cmake -E cmake_link_script CMakeFiles/cmTC_9d090.dir/link.txt --verbose=1
/home/mo/share/gcc-4.4.4-glibc-2.11.1-multilib-1.0/arm-fsl-linux-gnueabi/bin/arm-linux-gcc      -rdynamic CMakeFiles/cmTC_9d090.dir/CheckIncludeFile.c.o  -o cmTC_9d090 
make[1]: Leaving directory '/home/mo/share/netconf2/lib/zlib/debug/CMakeFiles/CMakeTmp'



